.
└── 001-command-line
    ├── notes.md
    └── projects
        └── command-line-wizard
            └── tree.out

3 directories, 2 files
    1  cd ~
    2  cd ls
    3  ls
    4  history
    5  cd ~
    6  clear
    7  curl https://gist.githubusercontent.com/alarner/cf808bc1eccaae7198c6/raw/dbla.zsh-theme > ~/.oh-my-zsh/themes/dbla.zsh-theme
    8  sed -i '.zshrc_original' 's/robbyrussell/dbla/g' ~/.zshrc
    9  sudo apt-get install sed
   10  sed -i '.zshrc_original' 's/robbyrussell/dbla/g' ~/.zshrc
   11  sed -i ".zshrc_original" "s/robbyrussell/dbla/g" ~/.zshrc
   12  /mnt
   13  cd ~
   14  clear
   15  cd /mnt/d/Anthony/codefriends
   16  ls
   17  touch dobby.txt
   18  ls
   19  rm dobby.txt
   20  ls
   21  cd 001-command-line
   22  ls
   23  open notes.md
   24  notepad.exe notes.md
   25  cmd.exe /C start notes.md
   26  cd ~
   27  ls
   28  cd /mnt/d/Anthony/codefriends
   29  touch dobby.txt
   30  ls
   31  cmd.exe /C start dobby.txt
   32  rm dobby.txt
   33  ls
   34  cd 001-command-line
   35  ls
   36  code ~/mnt/d/Anthony/codefriends/001-command-line/notes.md
   37  notepad notes.md
   38  cd ~
   39  ls -la
   40  tree
   41  drew
   42  brew
   43  ls
   44  cd /mnt/d/Anthony/codefriends/001-command-line/
   45  cd /mnt/d/../codefriends
   46  cd /mnt/d/.../codefriends
   47  ls
   48  cd ~
   49  ls
   50  cd bin
   51  nano newday.sh
   52  newday.sh test
   53  nano newday.sh
   54  bash newday.sh test
   55  nano newday.sh
   56  newday.sh test
   57  clear
   58  nano newday.sh
   59  newday.sh test
   60  nano newday.sh
   61  newday.sh test
   62  nano newday.sh
   63  newday.sh test
   64  nano newday.sh
   65  newday.sh test
   66  nano newday.sh
   67  newday.sh test
   68  nano newday.sh
   69  newday.sh test
   70  nano newday.sh
   71  newday.sh test
   72  nano newday.sh
   73  newday.sh test
   74  nano newday.sh
   75  newday.sh test
   76  nano newday.sh
   77  newday.sh test
   78  nano newday.sh
   79  newday.sh test
   80  nano newday.sh
   81  newday.sh test
   82  nano newday.sh
   83  newday.sh test
   84  if man
   85  man if
   86  cd man
   87  man cd
   88  code newday.sh
   89  xdg open /mnt/d/Anthony/codefriends/001-command-line/notes.md
   90  xdgopen /mnt/d/Anthony/codefriends/001-command-line/notes.md
   91  xdg-open /mnt/d/Anthony/codefriends/001-command-line/notes.md
   92  cd ..
   93  ls
   94  ls -al
   95  code ~/.bashrc
   96  sed i ".zshrc_original"
   97  ls
   98  ls -al
   99  code .bashrc
  100  code newday.sh
  101  cd ~
  102  cd bin
  103  code newday.sh
  104  clear
  105  $HOME
  106  code make_food.sh
  107  ls
  108  make_food.sh
  109  ./make_food.sh
  110  ls
  111  rm test2
  112  ls
  113  ls -al
  114  groups
  115  groups acamargo
  116  ls
  117  ls ~
  118  ls ~ -al
  119  ls
  120  newday.sh test
  121  cd ~
  122  newday.sh test
  123  cd bin
  124  newday.sh test
  125  ls
  126  ./newday.sh test
  127  cd ~
  128  ./newday.sh test
  129  cd bin
  130  cd
  131  cd /bin
  132  ls
  133  ls newday.sh
  134  newday.sh
  135  cd
  136  ls
  137  cd bin
  138  ls
  139  code newday.sh
  140  newday.sh test
  141  ls
  142  newday.sh test
  143  ls
  144  newday.sh test
  145  cd
  146  ls
  147  cd bin
  148  newday.sh test
  149  cd
  150  ls
  151  ls -al
  152  code .zshrc
  153  code .profile
  154  ls
  155  cd bin
  156  newday.sh test
  157  ls
  158  newday.sh test
  159  cd $home
  160  cd ~
  161  ls
  162  ls -al
  163  echo $PATH
  164  ls
  165  cd bin
  166  newday.sh test
  167  path+=('$HOME/bin')
  168  echo $PATH
  169  newday.sh test
  170  cd
  171  cd /
  172  ls
  173  cd ~
  174  ls
  175  cd bin
  176  ls
  177  cp newday.sh /mnt/d/Anthony/codefriends
  178  cd /mnt/d/Anthony/codefriends
  179  ls
  180  path+=('/mnt/d/Anthony/codefriends/')
  181  echo $PATH
  182  newday.sh test
  183  ./newday.sh test
  184  code newday.sh
  185  newday.sh test
  186  ls
  187  newday.sh test
  188  tree
  189  cd
  190  ls
  191  cd /mnt/d/Anthony/codefriends
  192  ls
  193  rm newday.sh
  194  history
  195  cd../..
  196  cd ....
  197  cd d/Anthony/codefriends
  198  ls
  199  cd 001-test
  200  cd ....
  201  chsh -s $(which zsh)
  202  cd
  203  ls
  204  ls -al
  205  code .bashrc
  206  cd $HOME
  207  $HOME
  208  echo $HOME
  209  ls -al
  210  $home
  211  cd $HOME
  212  ls
  213  cd bin
  214  ls
  215  cd /mnt/d/Anthony/codefriends
  216  ls
  217  rm -r 001-test
  218  rm -r 2-test
  219  tree
  220  code make_food.sh
  221  rm make_food.sh
  222  ls
  223  tree
  224  newday.sh test
  225  ls
  226  tree
  227  rm 001-test
  228  rmdir 001-test
  229  ls
  230  newday.sh test
  231  ls
  232  rm -r 001-test
  233  newday.sh
  234  ls
  235  newday.sh
  236  ./newday.sh
  237  ./newday.sh test
  238  ls
  239  rm -r 2-
  240  ls
  241  newday.sh test
  242  ls
  243  rm -r 001-
  244  ls
  245  tree
  246  ls
  247  rm -r 001-test
  248  ls
  249  ./newday.sh test
  250  tree
  251  newday.sh test
  252  ls
  253  rm -r 2-test
  254  rm -r 3-test
  255  ls
  256  newday.sh test
  257  ls
  258  rm -r 2-test
  259  rm -r 3-test
  260  ./newday.sh test
  261  ls
  262  ./newday.sh test
  263  ls
  264  newday.sh test
  265  ./newday.sh test
  266  ls
  267  rm -r 2-test
  268  tree
  269  ./newday.sh test
  270  tree
  271  mv /mnt/d/Anthony/codefriends/newday.sh ~/bin
  272  ls
  273  cd
  274  ls
  275  cd in
  276  cd bin
  277  ls
  278  code newday.sh
  279  cd /mnt/d/Anthony/codefriends
  280  ls
  281  newday.sh test
  282  ls
  283  tree
  284  man printf
  285  man printf(1)
  286  man printf
  287  history
